2021-03-26 10:58:43,588 INFO     test_ai_mod.carbon_tasks.regress_app_task -- Logging crawl output to /Users/bot/test_ai/apps/60f11fb5-ea80-44d0-a9a5-6ae2bbdb1a33/builds/34aaaeb4-52c5-4fe3-b687-5a99e729419d/logs/test_run-20210326145843.log
2021-03-26 10:58:43,589 INFO     test_ai_mod.carbon_tasks.regress_app_task -- regressing app: 60f11fb5-ea80-44d0-a9a5-6ae2bbdb1a33, build: 34aaaeb4-52c5-4fe3-b687-5a99e729419d
2021-03-26 10:58:43,589 INFO     test_ai_mod.carbon_tasks.regress_app_task -- max_steps: 10
2021-03-26 10:58:43,590 INFO     test_ai_mod.carbon_tasks.regress_app_task -- rand_seed: 1616770523
2021-03-26 10:58:43,590 INFO     test_ai_mod.carbon_tasks.regress_app_task -- test_wildcard: *
2021-03-26 10:58:43,590 INFO     test_ai_mod.carbon_tasks.regress_app_task -- package: None
2021-03-26 10:58:43,590 INFO     test_ai_mod.carbon_tasks.regress_app_task -- eyes_api_key: None
2021-03-26 10:58:43,590 INFO     test_ai_mod.carbon_tasks.regress_app_task -- no_reinstall: False
2021-03-26 10:58:43,591 INFO     test_ai_mod.carbon_dao.local_carbon_dao -- Getting build info: APP_ID: 60f11fb5-ea80-44d0-a9a5-6ae2bbdb1a33, BUILD_ID: 34aaaeb4-52c5-4fe3-b687-5a99e729419d
2021-03-26 10:58:43,593 INFO     test_ai_mod.carbon_test_case.test_filtering -- Found test: Basic Gestures - One Script
2021-03-26 10:58:43,593 INFO     test_ai_mod.carbon_test_case.test_filtering -- Found test: Basic Gestures - Individual Scripts
2021-03-26 10:58:43,593 INFO     test_ai_mod.carbon_test_case.carbon_tests -- Found matching test: Basic Gestures - One Script
2021-03-26 10:58:43,594 INFO     test_ai_mod.carbon_dao.local_carbon_dao -- Getting build info: APP_ID: 60f11fb5-ea80-44d0-a9a5-6ae2bbdb1a33, BUILD_ID: 34aaaeb4-52c5-4fe3-b687-5a99e729419d
2021-03-26 10:58:43,595 INFO     test_ai_mod.carbon_tasks.regress_app_task -- Remote host address: 127.0.0.1
2021-03-26 10:58:43,602 INFO     test_ai_mod.carbon_tasks.regress_app_task -- running regress for test case: Basic Gestures - One Script - aeb4c6b6-89f3-4bc2-b6cf-122864ae295a
2021-03-26 10:58:43,602 INFO     test_ai_mod.carbon_tasks.regress_app_task -- steps required for test: 1
2021-03-26 10:58:43,602 INFO     test_ai_mod.carbon_tasks.regress_app_task -- effective_max_steps: 1
2021-03-26 10:58:43,603 INFO     test_ai_mod.carbon_explore.explore -- **************************************************
2021-03-26 10:58:43,603 INFO     test_ai_mod.carbon_explore.explore -- **************************************************
2021-03-26 10:58:43,604 INFO     test_ai_mod.carbon_explore.explore -- *                                                *
2021-03-26 10:58:43,604 INFO     test_ai_mod.carbon_explore.explore -- *                   BRAIN                    *
2021-03-26 10:58:43,604 INFO     test_ai_mod.carbon_explore.explore -- *                                                *
2021-03-26 10:58:43,604 INFO     test_ai_mod.carbon_explore.explore -- **************************************************
2021-03-26 10:58:43,604 INFO     test_ai_mod.carbon_explore.explore -- **************************************************
2021-03-26 10:58:43,605 INFO     test_ai_mod.carbon_initialization.initialization -- Random seed: 1616770523
2021-03-26 10:58:43,606 INFO     test_ai_mod.carbon_initialization.initialization -- ````````````````````````````````````````````````````````````````````````````````
2021-03-26 10:58:43,606 INFO     test_ai_mod.carbon_initialization.initialization --                   PACKAGE: 60f11fb5-ea80-44d0-a9a5-6ae2bbdb1a33
2021-03-26 10:58:43,606 INFO     test_ai_mod.carbon_initialization.initialization -- ````````````````````````````````````````````````````````````````````````````````
2021-03-26 10:58:43,606 INFO     test_ai_mod.carbon_initialization.initialization -- platform: DESKTOP_CHROME
2021-03-26 10:58:43,607 INFO     test_ai_mod.carbon_initialization.initialization -- using crawl_directory: /Users/bot/test_ai/apps/60f11fb5-ea80-44d0-a9a5-6ae2bbdb1a33/builds/34aaaeb4-52c5-4fe3-b687-5a99e729419d/test_runs/20210326105843
2021-03-26 10:58:43,607 INFO     test_ai_mod.carbon_botio.bot_io -- retrieving bot IO for app: 60f11fb5-ea80-44d0-a9a5-6ae2bbdb1a33
2021-03-26 10:58:43,607 INFO     test_ai_mod.carbon_botio.bot_io -- ^^^^^^^^^^^^^^^^^^^^^^^^^^^^^^^^^^^^^^^^^^^^^^^^^^^^^^^^^^^^^^^^^^^^^^^^^^^^^^^^
2021-03-26 10:58:43,607 INFO     test_ai_mod.carbon_botio.bot_io -- botio_filepath: /Users/bot/test_ai/apps/60f11fb5-ea80-44d0-a9a5-6ae2bbdb1a33/lkg/botio.json
2021-03-26 10:58:43,607 INFO     test_ai_mod.carbon_botio.bot_io -- use_snapshot: False
2021-03-26 10:58:43,607 INFO     test_ai_mod.carbon_botio.bot_io -- no botIO found for app: 60f11fb5-ea80-44d0-a9a5-6ae2bbdb1a33
2021-03-26 10:58:43,609 INFO     test_ai_mod.carbon_utils.carbon_data -- loading models from LKG dir
2021-03-26 10:58:43,609 INFO     test_ai_mod.carbon_utils.carbon_data -- no models dir found, returning empty "screens" models list
2021-03-26 10:58:43,609 INFO     test_ai_mod.carbon_utils.carbon_data -- loading models from LKG dir
2021-03-26 10:58:43,609 INFO     test_ai_mod.carbon_utils.carbon_data -- no models dir found, returning empty "elems" models list
2021-03-26 10:58:43,610 ERROR    test_ai_mod.carbon_test_case.test_utils -- ****************************************************
2021-03-26 10:58:43,610 ERROR    test_ai_mod.carbon_test_case.test_utils -- * TEST FAILURE: No test steps found for test case. *
2021-03-26 10:58:43,610 ERROR    test_ai_mod.carbon_test_case.test_utils -- ****************************************************
2021-03-26 10:58:43,611 INFO     test_ai_mod.carbon_utils.simulator_tools -- preparing clean iteration state...
2021-03-26 10:58:43,611 INFO     test_ai_mod.carbon_utils.simulator_tools -- starting appium
2021-03-26 10:58:43,612 INFO     test_ai_mod.carbon_utils.simulator_tools -- starting appium, platform: DESKTOP_CHROME
2021-03-26 10:58:43,613 INFO     test_ai_mod.carbon_utils.simulator_tools -- starting appium/webdriver for desktop chrome
2021-03-26 10:58:43,615 INFO     werkzeug -- 127.0.0.1 - - [26/Mar/2021 10:58:43] "[37mGET /api/v1/c/testai/users HTTP/1.1[0m" 200 -
2021-03-26 10:58:43,616 INFO     test_ai_mod.carbon_automation.automator -- Creating Automator Singleton
2021-03-26 10:58:43,617 INFO     test_ai_mod.carbon_automation.automator -- Using automator as execution platform
2021-03-26 10:58:43,629 INFO     werkzeug -- 127.0.0.1 - - [26/Mar/2021 10:58:43] "[37mGET /api/v2/status HTTP/1.1[0m" 200 -
2021-03-26 10:58:43,632 INFO     werkzeug -- 127.0.0.1 - - [26/Mar/2021 10:58:43] "[37mGET /favicon.ico HTTP/1.1[0m" 200 -
2021-03-26 10:58:43,633 INFO     werkzeug -- 127.0.0.1 - - [26/Mar/2021 10:58:43] "[37mGET /api/v1/c/testai/apps/web/60f11fb5-ea80-44d0-a9a5-6ae2bbdb1a33/test_runs?expand_builds=true HTTP/1.1[0m" 200 -
2021-03-26 10:58:43,670 INFO     werkzeug -- 127.0.0.1 - - [26/Mar/2021 10:58:43] "[37mGET /api/v1/c/testai/apps/web/60f11fb5-ea80-44d0-a9a5-6ae2bbdb1a33/test_runs/20210326012405?expand_builds=true HTTP/1.1[0m" 200 -
2021-03-26 10:58:46,319 INFO     test_ai_mod.carbon_utils.simulator_tools -- going to http://www.blogen-inc.surge.sh
2021-03-26 10:58:47,424 INFO     test_ai_mod.carbon_utils.simulator_tools -- completed setting url, additional time: 1.104659
2021-03-26 10:58:48,562 INFO     test_ai_mod.carbon_initialization.initialization -- starting dom stability
2021-03-26 10:58:48,564 INFO     test_ai_mod.carbon_explore.explore_utils -- saving screenshot
2021-03-26 10:58:49,039 INFO     test_ai_mod.carbon_explore.explore_utils -- scn_shot_file_path: /Users/bot/test_ai/apps/60f11fb5-ea80-44d0-a9a5-6ae2bbdb1a33/builds/34aaaeb4-52c5-4fe3-b687-5a99e729419d/test_runs/20210326105843/tmp/runtime_labeling_screen.png
2021-03-26 10:58:49,199 INFO     test_ai_mod.carbon_explore.explore_utils -- saving screenshot
2021-03-26 10:58:49,662 INFO     test_ai_mod.carbon_explore.explore_utils -- scn_shot_file_path: /Users/bot/test_ai/apps/60f11fb5-ea80-44d0-a9a5-6ae2bbdb1a33/builds/34aaaeb4-52c5-4fe3-b687-5a99e729419d/test_runs/20210326105843/tmp/runtime_labeling_screen.png
2021-03-26 10:58:49,812 INFO     test_ai_mod.carbon_explore.explore_utils -- saving screenshot
2021-03-26 10:58:50,308 INFO     test_ai_mod.carbon_explore.explore_utils -- scn_shot_file_path: /Users/bot/test_ai/apps/60f11fb5-ea80-44d0-a9a5-6ae2bbdb1a33/builds/34aaaeb4-52c5-4fe3-b687-5a99e729419d/test_runs/20210326105843/tmp/runtime_labeling_screen.png
2021-03-26 10:58:50,451 INFO     test_ai_mod.carbon_explore.explore_utils -- saving screenshot
2021-03-26 10:58:50,932 INFO     test_ai_mod.carbon_explore.explore_utils -- scn_shot_file_path: /Users/bot/test_ai/apps/60f11fb5-ea80-44d0-a9a5-6ae2bbdb1a33/builds/34aaaeb4-52c5-4fe3-b687-5a99e729419d/test_runs/20210326105843/tmp/runtime_labeling_screen.png
2021-03-26 10:58:51,078 INFO     test_ai_mod.carbon_explore.explore_utils -- saving screenshot
2021-03-26 10:58:51,548 INFO     test_ai_mod.carbon_explore.explore_utils -- scn_shot_file_path: /Users/bot/test_ai/apps/60f11fb5-ea80-44d0-a9a5-6ae2bbdb1a33/builds/34aaaeb4-52c5-4fe3-b687-5a99e729419d/test_runs/20210326105843/tmp/runtime_labeling_screen.png
2021-03-26 10:58:51,694 INFO     test_ai_mod.carbon_explore.explore_utils -- saving screenshot
2021-03-26 10:58:52,158 INFO     test_ai_mod.carbon_explore.explore_utils -- scn_shot_file_path: /Users/bot/test_ai/apps/60f11fb5-ea80-44d0-a9a5-6ae2bbdb1a33/builds/34aaaeb4-52c5-4fe3-b687-5a99e729419d/test_runs/20210326105843/tmp/runtime_labeling_screen.png
2021-03-26 10:58:52,201 INFO     test_ai_mod.carbon_actions.carbon_actions -- Seen the same screen the max amount (5)
2021-03-26 10:58:52,201 INFO     test_ai_mod.carbon_actions.carbon_actions -- incrementing source count to: 1
2021-03-26 10:58:52,203 INFO     test_ai_mod.carbon_initialization.initialization -- current package sent in as: 60f11fb5-ea80-44d0-a9a5-6ae2bbdb1a33
2021-03-26 10:58:52,203 INFO     test_ai_mod.carbon_initialization.initialization -- ended dom stability
2021-03-26 10:58:52,206 INFO     test_ai_mod.carbon_explore.explore -- package is set to: 60f11fb5-ea80-44d0-a9a5-6ae2bbdb1a33
2021-03-26 10:58:52,207 WARNING  test_ai_mod.carbon_explore.explore -- Current step in test_case does not match current step. test_case_curr_step is 0 and actual current step is -1.
2021-03-26 10:58:52,208 INFO     test_ai_mod.carbon_explore.explore -- ********************************************************************************
2021-03-26 10:58:52,208 INFO     test_ai_mod.carbon_explore.explore -- * TIMEOUT: None
2021-03-26 10:58:52,208 INFO     test_ai_mod.carbon_explore.explore -- * beginning step: -1, test completed: False, total steps: 0
2021-03-26 10:58:52,210 ERROR    test_ai_mod.carbon_explore.explore -- unexpected error
Traceback (most recent call last):
  File "test_ai_mod/carbon_explore/explore.py", line 325, in explore.perform_walk
  File "test_ai_mod/carbon_utils/performance_profiler.py", line 15, in performance_profiler.profile_method.decorator.wrapper
  File "test_ai_mod/carbon_utils/performance_profiler.py", line 12, in performance_profiler.profile_method.decorator.wrapper
  File "test_ai_mod/carbon_explore/explore.py", line 405, in explore.explore_loop
IndexError: list index out of range
2021-03-26 10:58:52,210 ERROR    test_ai_mod.carbon_test_case.test_utils -- **********************************************************
2021-03-26 10:58:52,210 ERROR    test_ai_mod.carbon_test_case.test_utils -- * TEST FAILURE: Unexpected error list index out of range *
2021-03-26 10:58:52,210 ERROR    test_ai_mod.carbon_test_case.test_utils -- **********************************************************
2021-03-26 10:58:52,215 INFO     test_ai_mod.carbon_explore.explore -- performing post-walk cleanup
2021-03-26 10:58:52,216 INFO     test_ai_mod.carbon_utils.simulator_tools -- performing post-test cleanup
2021-03-26 10:58:52,216 INFO     test_ai_mod.carbon_utils.simulator_tools -- calling driver.quit
2021-03-26 10:58:52,300 ERROR    test_ai_mod.carbon_tasks.regress_app_task -- problem encountered executing test
Traceback (most recent call last):
  File "test_ai_mod/carbon_tasks/regress_app_task.py", line 174, in regress_app_task._regress_app
  File "test_ai_mod/carbon_utils/performance_profiler.py", line 15, in performance_profiler.profile_method.decorator.wrapper
  File "test_ai_mod/carbon_utils/performance_profiler.py", line 12, in performance_profiler.profile_method.decorator.wrapper
  File "test_ai_mod/carbon_explore/explore.py", line 355, in explore.perform_walk
  File "test_ai_mod/carbon_explore/explore.py", line 325, in explore.perform_walk
  File "test_ai_mod/carbon_utils/performance_profiler.py", line 15, in performance_profiler.profile_method.decorator.wrapper
  File "test_ai_mod/carbon_utils/performance_profiler.py", line 12, in performance_profiler.profile_method.decorator.wrapper
  File "test_ai_mod/carbon_explore/explore.py", line 405, in explore.explore_loop
IndexError: list index out of range
2021-03-26 10:58:52,301 INFO     test_ai_mod.carbon_tasks.regress_app_task -- Removing threaded log file handler for test run.
